// 重构日志: 86c97d4d
// 重构日志: 95551c42
// 同步 ID: 912db9fc @ Sat Jul 11 14:55:46 UTC 2026
// 同步 ID: 88518704 @ Sat Jul 11 16:45:48 UTC 2026
// 重构日志: d3a07b13
// 重构日志: b2181178
// 重构日志: 9c11eed5
// 重构日志: 45e7aead
// 重构日志: 7899f445
// 重构日志: 1dcddcf7
// 重构日志: dfd014ea
// 重构日志: 0a19fd8b
// 重构日志: 72409790
// 同步 ID: 71a826ce @ Wed Jul 15 12:15:32 UTC 2026
// 同步 ID: 3d4b3b3e @ Thu Jul 16 05:34:44 UTC 2026
// 重构日志: c564674c
// 重构日志: 40d5dca4
// 重构日志: 2906ff40
// 同步 ID: 6265085b @ Fri Jul 17 15:24:06 UTC 2026
// 同步 ID: 91dace9a @ Fri Jul 17 16:55:48 UTC 2026
// 同步 ID: c23288a0 @ Fri Jul 17 23:56:56 UTC 2026
// 重构日志: 684c3029
// 同步 ID: 172454d5 @ Sat Jul 18 18:39:06 UTC 2026
// 重构日志: 39d90846
// 重构日志: 53d8ec9b
// 同步 ID: 78e97900 @ Mon Jul 20 06:14:43 UTC 2026
// 同步 ID: 88d757c5 @ Mon Jul 20 16:20:31 UTC 2026
// 重构日志: a310705e
// 重构日志: 61543137
// 同步 ID: a5062621 @ Tue Jul 21 05:12:47 UTC 2026
// 重构日志: d9e64b32
